2019-06-06 21:30:26,478 [main]  INFO CRUD_LOG:28 – INICIANDO A APLICACAO
2019-06-06 21:30:29,674 [main]  INFO CRUD_LOG:41 – 
SELECIONANDO USUARIO
2019-06-06 21:31:49,470 [main]  INFO CRUD_LOG:28 – INICIANDO A APLICACAO
2019-06-06 21:31:53,775 [main]  INFO CRUD_LOG:41 – 
SELECIONANDO USUARIO
2019-06-06 21:37:08,983 [main]  INFO CRUD_LOG:29 – INICIANDO A APLICACAO
2019-06-06 21:37:12,122 [main]  INFO CRUD_LOG:38 – 
CRIANDO UM NOVO USUARIO
2019-06-06 21:40:09,889 [main]  INFO CRUD_LOG:29 – INICIANDO A APLICACAO
2019-06-06 21:49:06,031 [main]  INFO CRUD_LOG:29 – INICIANDO A APLICACAO
2019-06-06 21:49:09,630 [main]  INFO CRUD_LOG:61 – 
OPCAO INVALIDA
2019-06-06 21:49:17,625 [main]  INFO CRUD_LOG:29 – INICIANDO A APLICACAO
2019-06-06 21:49:20,644 [main]  INFO CRUD_LOG:56 – 
DELETANDO REGISTROS NA TABELA
2019-06-06 21:49:29,210 [main]  INFO CRUD_LOG:85 – 
ERROjava.sql.SQLSyntaxErrorException: You have an error in your SQL syntax; check the manual that corresponds to your MySQL server version for the right syntax to use near '* FROM usuario WHERE usuario = ?' at line 1
2019-06-06 21:50:12,050 [main]  INFO CRUD_LOG:29 – INICIANDO A APLICACAO
2019-06-06 21:50:21,043 [main]  INFO CRUD_LOG:56 – 
DELETANDO REGISTROS NA TABELA
2019-06-06 21:50:28,063 [main]  INFO CRUD_LOG:85 – 
ERROjava.sql.SQLSyntaxErrorException: You have an error in your SQL syntax; check the manual that corresponds to your MySQL server version for the right syntax to use near '?' at line 1
2019-06-06 21:52:36,182 [main]  INFO CRUD_LOG:29 – INICIANDO A APLICACAO
2019-06-06 21:52:39,103 [main]  INFO CRUD_LOG:56 – 
DELETANDO REGISTROS NA TABELA
2019-06-06 21:52:48,116 [main]  INFO CRUD_LOG:86 – 
USUARIOvandersonDELETADO COM SUCESSO
2019-06-06 21:57:20,887 [main]  INFO CRUD_LOG:29 – INICIANDO A APLICACAO
2019-06-06 21:57:24,514 [main]  INFO CRUD_LOG:46 – 
SELECIONANDO USUARIO
2019-06-06 21:57:31,255 [main]  INFO CRUD_LOG:43 – 
ALGUM ERRO ACONTECEU
2019-06-06 21:57:41,468 [main]  INFO CRUD_LOG:29 – INICIANDO A APLICACAO
2019-06-06 21:57:50,220 [main]  INFO CRUD_LOG:38 – 
CRIANDO UM NOVO USUARIO
2019-06-06 21:57:58,925 [main]  INFO CRUD_LOG:63 – 
USUARIOvandersonGRAVADO COM SUCESSO
2019-06-06 21:58:11,200 [main]  INFO CRUD_LOG:29 – INICIANDO A APLICACAO
2019-06-06 21:58:14,109 [main]  INFO CRUD_LOG:46 – 
SELECIONANDO USUARIO
2019-06-06 21:58:20,597 [main]  INFO CRUD_LOG:43 – 
ALGUM ERRO ACONTECEU
2019-06-06 22:01:51,953 [main]  INFO CRUD_LOG:29 – INICIANDO A APLICACAO
2019-06-06 22:01:55,519 [main]  INFO CRUD_LOG:52 – 
ATUALIZANDO REGISTROS NA TABELA
2019-06-06 22:02:03,574 [main]  INFO CRUD_LOG:87 – 
ALGUM ERRO ACONTECEU NA ATUALIZACAO
2019-06-06 22:04:56,035 [main]  INFO CRUD_LOG:29 – INICIANDO A APLICACAO
2019-06-06 22:04:58,339 [main]  INFO CRUD_LOG:58 – 
DELETANDO REGISTROS NA TABELA
2019-06-06 22:05:04,791 [main]  INFO CRUD_LOG:111 – 
USUARIOvandersonDELETADO COM SUCESSO
2019-06-06 22:05:08,651 [main]  INFO CRUD_LOG:29 – INICIANDO A APLICACAO
2019-06-06 22:05:11,002 [main]  INFO CRUD_LOG:38 – 
CRIANDO UM NOVO USUARIO
2019-06-06 22:05:34,522 [main]  INFO CRUD_LOG:29 – INICIANDO A APLICACAO
2019-06-06 22:05:36,508 [main]  INFO CRUD_LOG:38 – 
CRIANDO UM NOVO USUARIO
2019-06-06 22:05:44,385 [main]  INFO CRUD_LOG:63 – 
USUARIOvandersonGRAVADO COM SUCESSO
2019-06-06 22:07:25,130 [main]  INFO CRUD_LOG:29 – INICIANDO A APLICACAO
2019-06-06 22:07:29,435 [main]  INFO CRUD_LOG:46 – 
SELECIONANDO USUARIO
2019-06-06 22:07:36,997 [main]  INFO CRUD_LOG:43 – 
ALGUM ERRO ACONTECEU
2019-06-06 22:07:52,798 [main]  INFO CRUD_LOG:29 – INICIANDO A APLICACAO
2019-06-06 22:07:54,976 [main]  INFO CRUD_LOG:46 – 
SELECIONANDO USUARIO
2019-06-06 22:08:01,135 [main]  INFO CRUD_LOG:43 – 
ALGUM ERRO ACONTECEU
2019-06-06 22:13:09,258 [main]  INFO CRUD_LOG:29 – INICIANDO A APLICACAO
2019-06-06 22:13:12,798 [main]  INFO CRUD_LOG:46 – 
SELECIONANDO USUARIO
2019-06-06 22:14:37,796 [main]  INFO CRUD_LOG:29 – INICIANDO A APLICACAO
2019-06-06 22:14:41,360 [main]  INFO CRUD_LOG:46 – 
SELECIONANDO USUARIO
2019-06-06 22:15:01,673 [main]  INFO CRUD_LOG:29 – INICIANDO A APLICACAO
2019-06-06 22:15:03,691 [main]  INFO CRUD_LOG:46 – 
SELECIONANDO USUARIO
2019-06-06 22:15:17,856 [main]  INFO CRUD_LOG:29 – INICIANDO A APLICACAO
2019-06-06 22:15:20,031 [main]  INFO CRUD_LOG:46 – 
SELECIONANDO USUARIO
2019-06-06 22:15:32,382 [main]  INFO CRUD_LOG:29 – INICIANDO A APLICACAO
2019-06-06 22:15:43,160 [main]  INFO CRUD_LOG:46 – 
SELECIONANDO USUARIO
2019-06-06 22:15:56,585 [main]  INFO CRUD_LOG:29 – INICIANDO A APLICACAO
2019-06-06 22:15:58,770 [main]  INFO CRUD_LOG:46 – 
SELECIONANDO USUARIO
2019-06-06 22:19:13,285 [main]  INFO CRUD_LOG:29 – INICIANDO A APLICACAO
2019-06-06 22:19:17,877 [main]  INFO CRUD_LOG:52 – 
ATUALIZANDO REGISTROS NA TABELA
2019-06-06 22:19:26,309 [main]  INFO CRUD_LOG:81 – 
ALGUM ERRO ACONTECEUjava.sql.SQLException: Can not issue data manipulation statements with executeQuery().
2019-06-06 22:19:43,534 [main]  INFO CRUD_LOG:29 – INICIANDO A APLICACAO
2019-06-06 22:19:49,861 [main]  INFO CRUD_LOG:52 – 
ATUALIZANDO REGISTROS NA TABELA
2019-06-06 22:19:59,299 [main]  INFO CRUD_LOG:81 – 
ALGUM ERRO ACONTECEUjava.sql.SQLException: Can not issue data manipulation statements with executeQuery().
2019-06-06 22:20:24,651 [main]  INFO CRUD_LOG:29 – INICIANDO A APLICACAO
2019-06-06 22:20:28,043 [main]  INFO CRUD_LOG:52 – 
ATUALIZANDO REGISTROS NA TABELA
2019-06-06 22:20:33,921 [main]  INFO CRUD_LOG:81 – 
ALGUM ERRO ACONTECEUjava.sql.SQLException: Can not issue data manipulation statements with executeQuery().
2019-06-10 20:20:20,369 [main]  INFO CRUD_LOG:29 – INICIANDO A APLICACAO
2019-06-10 20:20:26,804 [main]  INFO CRUD_LOG:63 – 
OPCAO INVALIDA
2019-06-10 20:20:44,783 [main]  INFO CRUD_LOG:29 – INICIANDO A APLICACAO
2019-06-10 20:20:46,168 [main]  INFO CRUD_LOG:63 – 
OPCAO INVALIDA
2019-06-10 20:21:17,848 [main]  INFO CRUD_LOG:29 – INICIANDO A APLICACAO
2019-06-10 20:21:19,916 [main]  INFO CRUD_LOG:38 – 
CRIANDO UM NOVO USUARIO
2019-06-10 20:21:33,565 [main]  INFO CRUD_LOG:60 – 
USUARIOjedaiGRAVADO COM SUCESSO
2019-06-10 20:22:28,389 [main]  INFO CRUD_LOG:29 – INICIANDO A APLICACAO
2019-06-10 20:22:33,317 [main]  INFO CRUD_LOG:52 – 
ATUALIZANDO REGISTROS NA TABELA
2019-06-10 20:22:41,246 [main]  INFO CRUD_LOG:81 – 
ALGUM ERRO ACONTECEUjava.sql.SQLException: Can not issue data manipulation statements with executeQuery().
2019-06-10 20:22:53,102 [main]  INFO CRUD_LOG:29 – INICIANDO A APLICACAO
2019-06-10 20:22:57,855 [main]  INFO CRUD_LOG:46 – 
SELECIONANDO USUARIO
2019-06-10 20:23:04,374 [main]  INFO CRUD_LOG:35 – 
USUARIOjedaiGRAVADO COM SUCESSO
2019-06-10 20:23:20,852 [main]  INFO CRUD_LOG:29 – INICIANDO A APLICACAO
2019-06-10 20:23:26,136 [main]  INFO CRUD_LOG:58 – 
DELETANDO REGISTROS NA TABELA
2019-06-10 20:23:35,200 [main]  INFO CRUD_LOG:104 – 
USUARIOjedaiDELETADO COM SUCESSO
2019-06-10 20:24:09,386 [main]  INFO CRUD_LOG:29 – INICIANDO A APLICACAO
2019-06-10 20:24:13,238 [main]  INFO CRUD_LOG:58 – 
DELETANDO REGISTROS NA TABELA
2019-06-10 20:24:21,006 [main]  INFO CRUD_LOG:104 – 
USUARIOvandersonDELETADO COM SUCESSO
2019-06-10 20:29:46,864 [main]  INFO CRUD_LOG:29 – INICIANDO A APLICACAO
2019-06-10 20:29:53,605 [main]  INFO CRUD_LOG:46 – 
SELECIONANDO USUARIO
2019-06-10 20:30:11,620 [main]  INFO CRUD_LOG:50 – 
USUARIOcaelumINEXISTENTE
2019-06-10 20:31:34,647 [main]  INFO CRUD_LOG:29 – INICIANDO A APLICACAO
2019-06-10 20:31:40,190 [main]  INFO CRUD_LOG:46 – 
SELECIONANDO USUARIO
2019-06-10 20:31:48,127 [main]  INFO CRUD_LOG:51 – 
USUARIOcaelumINEXISTENTE
2019-06-10 20:40:17,447 [main]  INFO CRUD_LOG:29 – INICIANDO A APLICACAO
2019-06-10 20:40:20,100 [main]  INFO CRUD_LOG:46 – 
SELECIONANDO USUARIO
2019-06-10 20:42:23,472 [main]  INFO CRUD_LOG:29 – INICIANDO A APLICACAO
2019-06-10 20:42:25,547 [main]  INFO CRUD_LOG:46 – 
SELECIONANDO USUARIO
2019-06-10 20:43:01,756 [main]  INFO CRUD_LOG:29 – INICIANDO A APLICACAO
2019-06-10 20:43:03,675 [main]  INFO CRUD_LOG:46 – 
SELECIONANDO USUARIO
2019-06-10 20:43:51,711 [main]  INFO CRUD_LOG:29 – INICIANDO A APLICACAO
2019-06-10 20:43:53,570 [main]  INFO CRUD_LOG:46 – 
SELECIONANDO USUARIO
2019-06-10 20:44:29,583 [main]  INFO CRUD_LOG:29 – INICIANDO A APLICACAO
2019-06-10 20:44:33,061 [main]  INFO CRUD_LOG:52 – 
ATUALIZANDO REGISTROS NA TABELA
2019-06-10 20:44:40,451 [main]  INFO CRUD_LOG:78 – 
ALGUM ERRO ACONTECEUjava.sql.SQLException: Can not issue data manipulation statements with executeQuery().
2019-06-10 20:44:54,486 [main]  INFO CRUD_LOG:29 – INICIANDO A APLICACAO
2019-06-10 20:44:57,423 [main]  INFO CRUD_LOG:52 – 
ATUALIZANDO REGISTROS NA TABELA
2019-06-10 20:45:16,365 [main]  INFO CRUD_LOG:78 – 
ALGUM ERRO ACONTECEUjava.sql.SQLException: Can not issue data manipulation statements with executeQuery().
2019-06-10 20:45:23,436 [main]  INFO CRUD_LOG:29 – INICIANDO A APLICACAO
2019-06-10 20:45:27,000 [main]  INFO CRUD_LOG:46 – 
SELECIONANDO USUARIO
2019-06-10 20:49:20,855 [main]  INFO CRUD_LOG:29 – INICIANDO A APLICACAO
2019-06-10 20:49:28,287 [main]  INFO CRUD_LOG:38 – 
CRIANDO UM NOVO USUARIO
2019-06-10 20:52:10,883 [main]  INFO CRUD_LOG:29 – INICIANDO A APLICACAO
2019-06-10 20:52:15,617 [main]  INFO CRUD_LOG:46 – 
SELECIONANDO USUARIO
2019-06-10 20:52:34,961 [main]  INFO CRUD_LOG:29 – INICIANDO A APLICACAO
2019-06-10 20:52:36,801 [main]  INFO CRUD_LOG:46 – 
SELECIONANDO USUARIO
2019-06-10 20:53:25,998 [main]  INFO CRUD_LOG:29 – INICIANDO A APLICACAO
2019-06-10 20:53:27,903 [main]  INFO CRUD_LOG:46 – 
SELECIONANDO USUARIO
2019-06-10 20:54:17,028 [main]  INFO CRUD_LOG:29 – INICIANDO A APLICACAO
2019-06-10 20:55:59,967 [main]  INFO CRUD_LOG:29 – INICIANDO A APLICACAO
2019-06-10 20:56:03,057 [main]  INFO CRUD_LOG:46 – 
SELECIONANDO USUARIO
2019-06-10 21:00:38,466 [main]  INFO CRUD_LOG:29 – INICIANDO A APLICACAO
2019-06-10 21:00:43,432 [main]  INFO CRUD_LOG:46 – 
SELECIONANDO USUARIO
2019-06-10 21:03:54,808 [main]  INFO CRUD_LOG:29 – INICIANDO A APLICACAO
2019-06-10 21:03:56,876 [main]  INFO CRUD_LOG:46 – 
SELECIONANDO USUARIO
2019-06-10 21:07:11,036 [main]  INFO CRUD_LOG:29 – INICIANDO A APLICACAO
2019-06-10 21:07:12,783 [main]  INFO CRUD_LOG:46 – 
SELECIONANDO USUARIO
2019-06-10 21:15:02,659 [main]  INFO CRUD_LOG:29 – INICIANDO A APLICACAO
2019-06-10 21:15:04,624 [main]  INFO CRUD_LOG:46 – 
SELECIONANDO USUARIO
2019-06-10 21:16:11,448 [main]  INFO CRUD_LOG:29 – INICIANDO A APLICACAO
2019-06-10 21:16:13,394 [main]  INFO CRUD_LOG:46 – 
SELECIONANDO USUARIO
2019-06-10 21:18:49,339 [main]  INFO CRUD_LOG:29 – INICIANDO A APLICACAO
2019-06-10 21:18:50,974 [main]  INFO CRUD_LOG:46 – 
SELECIONANDO USUARIO
2019-06-10 21:22:14,780 [main]  INFO CRUD_LOG:29 – INICIANDO A APLICACAO
2019-06-10 21:22:16,928 [main]  INFO CRUD_LOG:46 – 
SELECIONANDO USUARIO
2019-06-10 21:24:06,316 [main]  INFO CRUD_LOG:29 – INICIANDO A APLICACAO
2019-06-10 21:24:08,158 [main]  INFO CRUD_LOG:46 – 
SELECIONANDO USUARIO
2019-06-10 21:24:35,425 [main]  INFO CRUD_LOG:29 – INICIANDO A APLICACAO
2019-06-10 21:24:37,176 [main]  INFO CRUD_LOG:46 – 
SELECIONANDO USUARIO
